This is pdfTeX, Version 3.14159265-2.6-1.40.17 (MiKTeX 2.9.6210 64-bit) (preloaded format=pdflatex 2017.4.16)  21 APR 2017 11:31
entering extended mode
**./icnp.tex
(icnp.tex
LaTeX2e <2017/01/01> patch level 1
Babel <3.9r> and hyphenation patterns for 75 language(s) loaded.
(IEEEtran.cls
Document Class: IEEEtran 2012/11/21 V1.8c by Harald Hanche-Olsen and Anders Chr
istensen
-- Based on V1.7a by Michael Shell
-- See the "IEEEtran_HOWTO" manual for usage information.
-- http://www.michaelshell.org/tex/ieeetran/
\@IEEEtrantmpdimenA=\dimen102
\@IEEEtrantmpdimenB=\dimen103
\@IEEEtrantmpcountA=\count79
\@IEEEtrantmpcountB=\count80
\@IEEEtrantmptoksA=\toks14
LaTeX Font Info:    Try loading font information for OT1+ptm on input line 373.

("C:\Program Files\MiKTeX 2.9\tex\latex\psnfss\ot1ptm.fd"
File: ot1ptm.fd 2001/06/04 font definitions for OT1/ptm.
)
-- Using 8.5in x 11in (letter) paper.
-- Using PDF output.
\@IEEEnormalsizeunitybaselineskip=\dimen104
-- This is a 10 point document.
\CLASSINFOnormalsizebaselineskip=\dimen105
\CLASSINFOnormalsizeunitybaselineskip=\dimen106
\IEEEnormaljot=\dimen107
LaTeX Font Info:    Font shape `OT1/ptm/bx/n' in size <5> not available
(Font)              Font shape `OT1/ptm/b/n' tried instead on input line 731.
LaTeX Font Info:    Font shape `OT1/ptm/bx/it' in size <5> not available
(Font)              Font shape `OT1/ptm/b/it' tried instead on input line 731.
LaTeX Font Info:    Font shape `OT1/ptm/bx/n' in size <7> not available
(Font)              Font shape `OT1/ptm/b/n' tried instead on input line 731.
LaTeX Font Info:    Font shape `OT1/ptm/bx/it' in size <7> not available
(Font)              Font shape `OT1/ptm/b/it' tried instead on input line 731.
LaTeX Font Info:    Font shape `OT1/ptm/bx/n' in size <8> not available
(Font)              Font shape `OT1/ptm/b/n' tried instead on input line 731.
LaTeX Font Info:    Font shape `OT1/ptm/bx/it' in size <8> not available
(Font)              Font shape `OT1/ptm/b/it' tried instead on input line 731.
LaTeX Font Info:    Font shape `OT1/ptm/bx/n' in size <9> not available
(Font)              Font shape `OT1/ptm/b/n' tried instead on input line 731.
LaTeX Font Info:    Font shape `OT1/ptm/bx/it' in size <9> not available
(Font)              Font shape `OT1/ptm/b/it' tried instead on input line 731.
LaTeX Font Info:    Font shape `OT1/ptm/bx/n' in size <10> not available
(Font)              Font shape `OT1/ptm/b/n' tried instead on input line 731.
LaTeX Font Info:    Font shape `OT1/ptm/bx/it' in size <10> not available
(Font)              Font shape `OT1/ptm/b/it' tried instead on input line 731.
LaTeX Font Info:    Font shape `OT1/ptm/bx/n' in size <11> not available
(Font)              Font shape `OT1/ptm/b/n' tried instead on input line 731.
LaTeX Font Info:    Font shape `OT1/ptm/bx/it' in size <11> not available
(Font)              Font shape `OT1/ptm/b/it' tried instead on input line 731.
LaTeX Font Info:    Font shape `OT1/ptm/bx/n' in size <12> not available
(Font)              Font shape `OT1/ptm/b/n' tried instead on input line 731.
LaTeX Font Info:    Font shape `OT1/ptm/bx/it' in size <12> not available
(Font)              Font shape `OT1/ptm/b/it' tried instead on input line 731.
LaTeX Font Info:    Font shape `OT1/ptm/bx/n' in size <17> not available
(Font)              Font shape `OT1/ptm/b/n' tried instead on input line 731.
LaTeX Font Info:    Font shape `OT1/ptm/bx/it' in size <17> not available
(Font)              Font shape `OT1/ptm/b/it' tried instead on input line 731.
LaTeX Font Info:    Font shape `OT1/ptm/bx/n' in size <20> not available
(Font)              Font shape `OT1/ptm/b/n' tried instead on input line 731.
LaTeX Font Info:    Font shape `OT1/ptm/bx/it' in size <20> not available
(Font)              Font shape `OT1/ptm/b/it' tried instead on input line 731.
LaTeX Font Info:    Font shape `OT1/ptm/bx/n' in size <24> not available
(Font)              Font shape `OT1/ptm/b/n' tried instead on input line 731.
LaTeX Font Info:    Font shape `OT1/ptm/bx/it' in size <24> not available
(Font)              Font shape `OT1/ptm/b/it' tried instead on input line 731.
\IEEEilabelindentA=\dimen108
\IEEEilabelindentB=\dimen109
\IEEEilabelindent=\dimen110
\IEEEelabelindent=\dimen111
\IEEEdlabelindent=\dimen112
\IEEElabelindent=\dimen113
\IEEEiednormlabelsep=\dimen114
\IEEEiedmathlabelsep=\dimen115
\IEEEiedtopsep=\skip41
\c@section=\count81
\c@subsection=\count82
\c@subsubsection=\count83
\c@paragraph=\count84
\c@IEEEsubequation=\count85
\abovecaptionskip=\skip42
\belowcaptionskip=\skip43
\c@figure=\count86
\c@table=\count87
\@IEEEeqnnumcols=\count88
\@IEEEeqncolcnt=\count89
\@IEEEtmpitemindent=\dimen116
\c@IEEEbiography=\count90
\@IEEEtranrubishbin=\box26
) ("C:\Program Files\MiKTeX 2.9\tex\latex\amsmath\amsmath.sty"
Package: amsmath 2016/11/05 v2.16a AMS math features
\@mathmargin=\skip44

For additional information on amsmath, use the `?' option.
("C:\Program Files\MiKTeX 2.9\tex\latex\amsmath\amstext.sty"
Package: amstext 2000/06/29 v2.01 AMS text

("C:\Program Files\MiKTeX 2.9\tex\latex\amsmath\amsgen.sty"
File: amsgen.sty 1999/11/30 v2.0 generic functions
\@emptytoks=\toks15
\ex@=\dimen117
))
("C:\Program Files\MiKTeX 2.9\tex\latex\amsmath\amsbsy.sty"
Package: amsbsy 1999/11/29 v1.2d Bold Symbols
\pmbraise@=\dimen118
)
("C:\Program Files\MiKTeX 2.9\tex\latex\amsmath\amsopn.sty"
Package: amsopn 2016/03/08 v2.02 operator names
)
\inf@bad=\count91
LaTeX Info: Redefining \frac on input line 213.
\uproot@=\count92
\leftroot@=\count93
LaTeX Info: Redefining \overline on input line 375.
\classnum@=\count94
\DOTSCASE@=\count95
LaTeX Info: Redefining \ldots on input line 472.
LaTeX Info: Redefining \dots on input line 475.
LaTeX Info: Redefining \cdots on input line 596.
\Mathstrutbox@=\box27
\strutbox@=\box28
\big@size=\dimen119
LaTeX Font Info:    Redeclaring font encoding OML on input line 712.
LaTeX Font Info:    Redeclaring font encoding OMS on input line 713.
\macc@depth=\count96
\c@MaxMatrixCols=\count97
\dotsspace@=\muskip10
\c@parentequation=\count98
\dspbrk@lvl=\count99
\tag@help=\toks16
\row@=\count100
\column@=\count101
\maxfields@=\count102
\andhelp@=\toks17
\eqnshift@=\dimen120
\alignsep@=\dimen121
\tagshift@=\dimen122
\tagwidth@=\dimen123
\totwidth@=\dimen124
\lineht@=\dimen125
\@envbody=\toks18
\multlinegap=\skip45
\multlinetaggap=\skip46
\mathdisplay@stack=\toks19
LaTeX Info: Redefining \[ on input line 2817.
LaTeX Info: Redefining \] on input line 2818.
)
(C:\Users\Sai\AppData\Roaming\MiKTeX\2.9\tex\latex\algorithms\algorithm.sty
Package: algorithm 2009/08/24 v0.1 Document Style `algorithm' - floating enviro
nment

("C:\Program Files\MiKTeX 2.9\tex\latex\float\float.sty"
Package: float 2001/11/08 v1.3d Float enhancements (AL)
\c@float@type=\count103
\float@exts=\toks20
\float@box=\box29
\@float@everytoks=\toks21
\@floatcapt=\box30
)
("C:\Program Files\MiKTeX 2.9\tex\latex\base\ifthen.sty"
Package: ifthen 2014/09/29 v1.1c Standard LaTeX ifthen package (DPC)
)
\@float@every@algorithm=\toks22
\c@algorithm=\count104
)
("C:\Program Files\MiKTeX 2.9\tex\latex\amsfonts\amssymb.sty"
Package: amssymb 2013/01/14 v3.01 AMS font symbols

("C:\Program Files\MiKTeX 2.9\tex\latex\amsfonts\amsfonts.sty"
Package: amsfonts 2013/01/14 v3.01 Basic AMSFonts support
\symAMSa=\mathgroup4
\symAMSb=\mathgroup5
LaTeX Font Info:    Overwriting math alphabet `\mathfrak' in version `bold'
(Font)                  U/euf/m/n --> U/euf/b/n on input line 106.
))
("C:\Program Files\MiKTeX 2.9\tex\latex\amscls\amsthm.sty"
Package: amsthm 2015/03/04 v2.20.2
\thm@style=\toks23
\thm@bodyfont=\toks24
\thm@headfont=\toks25
\thm@notefont=\toks26
\thm@headpunct=\toks27
\thm@preskip=\skip47
\thm@postskip=\skip48
\thm@headsep=\skip49
\dth@everypar=\toks28
)
("C:\Program Files\MiKTeX 2.9\tex\latex\pgf\frontendlayer\tikz.sty"
("C:\Program Files\MiKTeX 2.9\tex\latex\pgf\basiclayer\pgf.sty"
("C:\Program Files\MiKTeX 2.9\tex\latex\pgf\utilities\pgfrcs.sty"
("C:\Program Files\MiKTeX 2.9\tex\generic\pgf\utilities\pgfutil-common.tex"
\pgfutil@everybye=\toks29
\pgfutil@tempdima=\dimen126
\pgfutil@tempdimb=\dimen127

("C:\Program Files\MiKTeX 2.9\tex\generic\pgf\utilities\pgfutil-common-lists.te
x")) ("C:\Program Files\MiKTeX 2.9\tex\generic\pgf\utilities\pgfutil-latex.def"
\pgfutil@abb=\box31
("C:\Program Files\MiKTeX 2.9\tex\latex\ms\everyshi.sty"
Package: everyshi 2001/05/15 v3.00 EveryShipout Package (MS)
))
("C:\Program Files\MiKTeX 2.9\tex\generic\pgf\utilities\pgfrcs.code.tex"
Package: pgfrcs 2015/08/07 v3.0.1a (rcs-revision 1.31)
))
Package: pgf 2015/08/07 v3.0.1a (rcs-revision 1.15)

("C:\Program Files\MiKTeX 2.9\tex\latex\pgf\basiclayer\pgfcore.sty"
("C:\Program Files\MiKTeX 2.9\tex\latex\graphics\graphicx.sty"
Package: graphicx 2014/10/28 v1.0g Enhanced LaTeX Graphics (DPC,SPQR)

("C:\Program Files\MiKTeX 2.9\tex\latex\graphics\keyval.sty"
Package: keyval 2014/10/28 v1.15 key=value parser (DPC)
\KV@toks@=\toks30
)
("C:\Program Files\MiKTeX 2.9\tex\latex\graphics\graphics.sty"
Package: graphics 2016/10/09 v1.0u Standard LaTeX Graphics (DPC,SPQR)

("C:\Program Files\MiKTeX 2.9\tex\latex\graphics\trig.sty"
Package: trig 2016/01/03 v1.10 sin cos tan (DPC)
)
("C:\Program Files\MiKTeX 2.9\tex\latex\graphics-cfg\graphics.cfg"
File: graphics.cfg 2016/06/04 v1.11 sample graphics configuration
)
Package graphics Info: Driver file: pdftex.def on input line 99.

("C:\Program Files\MiKTeX 2.9\tex\latex\graphics-def\pdftex.def"
File: pdftex.def 2017/01/12 v0.06k Graphics/color for pdfTeX

("C:\Program Files\MiKTeX 2.9\tex\generic\oberdiek\infwarerr.sty"
Package: infwarerr 2016/05/16 v1.4 Providing info/warning/error messages (HO)
)
("C:\Program Files\MiKTeX 2.9\tex\generic\oberdiek\ltxcmds.sty"
Package: ltxcmds 2016/05/16 v1.23 LaTeX kernel commands for general use (HO)
)
\Gread@gobject=\count105
))
\Gin@req@height=\dimen128
\Gin@req@width=\dimen129
)
("C:\Program Files\MiKTeX 2.9\tex\latex\pgf\systemlayer\pgfsys.sty"
("C:\Program Files\MiKTeX 2.9\tex\generic\pgf\systemlayer\pgfsys.code.tex"
Package: pgfsys 2014/07/09 v3.0.1a (rcs-revision 1.48)

("C:\Program Files\MiKTeX 2.9\tex\generic\pgf\utilities\pgfkeys.code.tex"
\pgfkeys@pathtoks=\toks31
\pgfkeys@temptoks=\toks32

("C:\Program Files\MiKTeX 2.9\tex\generic\pgf\utilities\pgfkeysfiltered.code.te
x"
\pgfkeys@tmptoks=\toks33
))
\pgf@x=\dimen130
\pgf@y=\dimen131
\pgf@xa=\dimen132
\pgf@ya=\dimen133
\pgf@xb=\dimen134
\pgf@yb=\dimen135
\pgf@xc=\dimen136
\pgf@yc=\dimen137
\w@pgf@writea=\write3
\r@pgf@reada=\read1
\c@pgf@counta=\count106
\c@pgf@countb=\count107
\c@pgf@countc=\count108
\c@pgf@countd=\count109
\t@pgf@toka=\toks34
\t@pgf@tokb=\toks35
\t@pgf@tokc=\toks36
 ("C:\Program Files\MiKTeX 2.9\tex\generic\pgf\systemlayer\pgf.cfg"
File: pgf.cfg 2008/05/14  (rcs-revision 1.7)
)
Driver file for pgf: pgfsys-pdftex.def

("C:\Program Files\MiKTeX 2.9\tex\generic\pgf\systemlayer\pgfsys-pdftex.def"
File: pgfsys-pdftex.def 2014/10/11  (rcs-revision 1.35)

("C:\Program Files\MiKTeX 2.9\tex\generic\pgf\systemlayer\pgfsys-common-pdf.def
"
File: pgfsys-common-pdf.def 2013/10/10  (rcs-revision 1.13)
)))
("C:\Program Files\MiKTeX 2.9\tex\generic\pgf\systemlayer\pgfsyssoftpath.code.t
ex"
File: pgfsyssoftpath.code.tex 2013/09/09  (rcs-revision 1.9)
\pgfsyssoftpath@smallbuffer@items=\count110
\pgfsyssoftpath@bigbuffer@items=\count111
)
("C:\Program Files\MiKTeX 2.9\tex\generic\pgf\systemlayer\pgfsysprotocol.code.t
ex"
File: pgfsysprotocol.code.tex 2006/10/16  (rcs-revision 1.4)
)) ("C:\Program Files\MiKTeX 2.9\tex\latex\xcolor\xcolor.sty"
Package: xcolor 2016/05/11 v2.12 LaTeX color extensions (UK)

("C:\Program Files\MiKTeX 2.9\tex\latex\graphics-cfg\color.cfg"
File: color.cfg 2016/01/02 v1.6 sample color configuration
)
Package xcolor Info: Driver file: pdftex.def on input line 225.
Package xcolor Info: Model `cmy' substituted by `cmy0' on input line 1348.
Package xcolor Info: Model `hsb' substituted by `rgb' on input line 1352.
Package xcolor Info: Model `RGB' extended on input line 1364.
Package xcolor Info: Model `HTML' substituted by `rgb' on input line 1366.
Package xcolor Info: Model `Hsb' substituted by `hsb' on input line 1367.
Package xcolor Info: Model `tHsb' substituted by `hsb' on input line 1368.
Package xcolor Info: Model `HSB' substituted by `hsb' on input line 1369.
Package xcolor Info: Model `Gray' substituted by `gray' on input line 1370.
Package xcolor Info: Model `wave' substituted by `hsb' on input line 1371.
)
("C:\Program Files\MiKTeX 2.9\tex\generic\pgf\basiclayer\pgfcore.code.tex"
Package: pgfcore 2010/04/11 v3.0.1a (rcs-revision 1.7)

("C:\Program Files\MiKTeX 2.9\tex\generic\pgf\math\pgfmath.code.tex"
("C:\Program Files\MiKTeX 2.9\tex\generic\pgf\math\pgfmathcalc.code.tex"
("C:\Program Files\MiKTeX 2.9\tex\generic\pgf\math\pgfmathutil.code.tex")
("C:\Program Files\MiKTeX 2.9\tex\generic\pgf\math\pgfmathparser.code.tex"
\pgfmath@dimen=\dimen138
\pgfmath@count=\count112
\pgfmath@box=\box32
\pgfmath@toks=\toks37
\pgfmath@stack@operand=\toks38
\pgfmath@stack@operation=\toks39
)
("C:\Program Files\MiKTeX 2.9\tex\generic\pgf\math\pgfmathfunctions.code.tex"
("C:\Program Files\MiKTeX 2.9\tex\generic\pgf\math\pgfmathfunctions.basic.code.
tex")
("C:\Program Files\MiKTeX 2.9\tex\generic\pgf\math\pgfmathfunctions.trigonometr
ic.code.tex")
("C:\Program Files\MiKTeX 2.9\tex\generic\pgf\math\pgfmathfunctions.random.code
.tex")
("C:\Program Files\MiKTeX 2.9\tex\generic\pgf\math\pgfmathfunctions.comparison.
code.tex")
("C:\Program Files\MiKTeX 2.9\tex\generic\pgf\math\pgfmathfunctions.base.code.t
ex")
("C:\Program Files\MiKTeX 2.9\tex\generic\pgf\math\pgfmathfunctions.round.code.
tex")
("C:\Program Files\MiKTeX 2.9\tex\generic\pgf\math\pgfmathfunctions.misc.code.t
ex")
("C:\Program Files\MiKTeX 2.9\tex\generic\pgf\math\pgfmathfunctions.integerarit
hmetics.code.tex")))
("C:\Program Files\MiKTeX 2.9\tex\generic\pgf\math\pgfmathfloat.code.tex"
\c@pgfmathroundto@lastzeros=\count113
))
("C:\Program Files\MiKTeX 2.9\tex\generic\pgf\basiclayer\pgfcorepoints.code.tex
"
File: pgfcorepoints.code.tex 2013/10/07  (rcs-revision 1.27)
\pgf@picminx=\dimen139
\pgf@picmaxx=\dimen140
\pgf@picminy=\dimen141
\pgf@picmaxy=\dimen142
\pgf@pathminx=\dimen143
\pgf@pathmaxx=\dimen144
\pgf@pathminy=\dimen145
\pgf@pathmaxy=\dimen146
\pgf@xx=\dimen147
\pgf@xy=\dimen148
\pgf@yx=\dimen149
\pgf@yy=\dimen150
\pgf@zx=\dimen151
\pgf@zy=\dimen152
)
("C:\Program Files\MiKTeX 2.9\tex\generic\pgf\basiclayer\pgfcorepathconstruct.c
ode.tex"
File: pgfcorepathconstruct.code.tex 2013/10/07  (rcs-revision 1.29)
\pgf@path@lastx=\dimen153
\pgf@path@lasty=\dimen154
)
("C:\Program Files\MiKTeX 2.9\tex\generic\pgf\basiclayer\pgfcorepathusage.code.
tex"
File: pgfcorepathusage.code.tex 2014/11/02  (rcs-revision 1.24)
\pgf@shorten@end@additional=\dimen155
\pgf@shorten@start@additional=\dimen156
)
("C:\Program Files\MiKTeX 2.9\tex\generic\pgf\basiclayer\pgfcorescopes.code.tex
"
File: pgfcorescopes.code.tex 2015/05/08  (rcs-revision 1.46)
\pgfpic=\box33
\pgf@hbox=\box34
\pgf@layerbox@main=\box35
\pgf@picture@serial@count=\count114
)
("C:\Program Files\MiKTeX 2.9\tex\generic\pgf\basiclayer\pgfcoregraphicstate.co
de.tex"
File: pgfcoregraphicstate.code.tex 2014/11/02  (rcs-revision 1.12)
\pgflinewidth=\dimen157
)
("C:\Program Files\MiKTeX 2.9\tex\generic\pgf\basiclayer\pgfcoretransformations
.code.tex"
File: pgfcoretransformations.code.tex 2015/08/07  (rcs-revision 1.20)
\pgf@pt@x=\dimen158
\pgf@pt@y=\dimen159
\pgf@pt@temp=\dimen160
)
("C:\Program Files\MiKTeX 2.9\tex\generic\pgf\basiclayer\pgfcorequick.code.tex"
File: pgfcorequick.code.tex 2008/10/09  (rcs-revision 1.3)
)
("C:\Program Files\MiKTeX 2.9\tex\generic\pgf\basiclayer\pgfcoreobjects.code.te
x"
File: pgfcoreobjects.code.tex 2006/10/11  (rcs-revision 1.2)
)
("C:\Program Files\MiKTeX 2.9\tex\generic\pgf\basiclayer\pgfcorepathprocessing.
code.tex"
File: pgfcorepathprocessing.code.tex 2013/09/09  (rcs-revision 1.9)
)
("C:\Program Files\MiKTeX 2.9\tex\generic\pgf\basiclayer\pgfcorearrows.code.tex
"
File: pgfcorearrows.code.tex 2015/05/14  (rcs-revision 1.43)
\pgfarrowsep=\dimen161
)
("C:\Program Files\MiKTeX 2.9\tex\generic\pgf\basiclayer\pgfcoreshade.code.tex"
File: pgfcoreshade.code.tex 2013/07/15  (rcs-revision 1.15)
\pgf@max=\dimen162
\pgf@sys@shading@range@num=\count115
) ("C:\Program Files\MiKTeX 2.9\tex\generic\pgf\basiclayer\pgfcoreimage.code.te
x"
File: pgfcoreimage.code.tex 2013/07/15  (rcs-revision 1.18)

("C:\Program Files\MiKTeX 2.9\tex\generic\pgf\basiclayer\pgfcoreexternal.code.t
ex"
File: pgfcoreexternal.code.tex 2014/07/09  (rcs-revision 1.21)
\pgfexternal@startupbox=\box36
))
("C:\Program Files\MiKTeX 2.9\tex\generic\pgf\basiclayer\pgfcorelayers.code.tex
"
File: pgfcorelayers.code.tex 2013/07/18  (rcs-revision 1.7)
)
("C:\Program Files\MiKTeX 2.9\tex\generic\pgf\basiclayer\pgfcoretransparency.co
de.tex"
File: pgfcoretransparency.code.tex 2013/09/30  (rcs-revision 1.5)
)
("C:\Program Files\MiKTeX 2.9\tex\generic\pgf\basiclayer\pgfcorepatterns.code.t
ex"
File: pgfcorepatterns.code.tex 2013/11/07  (rcs-revision 1.5)
)))
("C:\Program Files\MiKTeX 2.9\tex\generic\pgf\modules\pgfmoduleshapes.code.tex"
File: pgfmoduleshapes.code.tex 2014/03/21  (rcs-revision 1.35)
\pgfnodeparttextbox=\box37
) ("C:\Program Files\MiKTeX 2.9\tex\generic\pgf\modules\pgfmoduleplot.code.tex"
File: pgfmoduleplot.code.tex 2015/08/03  (rcs-revision 1.13)
)
("C:\Program Files\MiKTeX 2.9\tex\latex\pgf\compatibility\pgfcomp-version-0-65.
sty"
Package: pgfcomp-version-0-65 2007/07/03 v3.0.1a (rcs-revision 1.7)
\pgf@nodesepstart=\dimen163
\pgf@nodesepend=\dimen164
)
("C:\Program Files\MiKTeX 2.9\tex\latex\pgf\compatibility\pgfcomp-version-1-18.
sty"
Package: pgfcomp-version-1-18 2007/07/23 v3.0.1a (rcs-revision 1.1)
)) ("C:\Program Files\MiKTeX 2.9\tex\latex\pgf\utilities\pgffor.sty"
("C:\Program Files\MiKTeX 2.9\tex\latex\pgf\utilities\pgfkeys.sty"
("C:\Program Files\MiKTeX 2.9\tex\generic\pgf\utilities\pgfkeys.code.tex"))
("C:\Program Files\MiKTeX 2.9\tex\latex\pgf\math\pgfmath.sty"
("C:\Program Files\MiKTeX 2.9\tex\generic\pgf\math\pgfmath.code.tex"))
("C:\Program Files\MiKTeX 2.9\tex\generic\pgf\utilities\pgffor.code.tex"
Package: pgffor 2013/12/13 v3.0.1a (rcs-revision 1.25)

("C:\Program Files\MiKTeX 2.9\tex\generic\pgf\math\pgfmath.code.tex")
\pgffor@iter=\dimen165
\pgffor@skip=\dimen166
\pgffor@stack=\toks40
\pgffor@toks=\toks41
))
("C:\Program Files\MiKTeX 2.9\tex\generic\pgf\frontendlayer\tikz\tikz.code.tex"
Package: tikz 2015/08/07 v3.0.1a (rcs-revision 1.151)

("C:\Program Files\MiKTeX 2.9\tex\generic\pgf\libraries\pgflibraryplothandlers.
code.tex"
File: pgflibraryplothandlers.code.tex 2013/08/31 v3.0.1a (rcs-revision 1.20)
\pgf@plot@mark@count=\count116
\pgfplotmarksize=\dimen167
)
\tikz@lastx=\dimen168
\tikz@lasty=\dimen169
\tikz@lastxsaved=\dimen170
\tikz@lastysaved=\dimen171
\tikzleveldistance=\dimen172
\tikzsiblingdistance=\dimen173
\tikz@figbox=\box38
\tikz@figbox@bg=\box39
\tikz@tempbox=\box40
\tikz@tempbox@bg=\box41
\tikztreelevel=\count117
\tikznumberofchildren=\count118
\tikznumberofcurrentchild=\count119
\tikz@fig@count=\count120

("C:\Program Files\MiKTeX 2.9\tex\generic\pgf\modules\pgfmodulematrix.code.tex"
File: pgfmodulematrix.code.tex 2013/09/17  (rcs-revision 1.8)
\pgfmatrixcurrentrow=\count121
\pgfmatrixcurrentcolumn=\count122
\pgf@matrix@numberofcolumns=\count123
)
\tikz@expandcount=\count124

("C:\Program Files\MiKTeX 2.9\tex\generic\pgf\frontendlayer\tikz\libraries\tikz
librarytopaths.code.tex"
File: tikzlibrarytopaths.code.tex 2008/06/17 v3.0.1a (rcs-revision 1.2)
)))
("C:\Program Files\MiKTeX 2.9\tex\latex\pgfplots\pgfplots.sty"
("C:\Program Files\MiKTeX 2.9\tex\generic\pgfplots\pgfplots.revision.tex")
Package: pgfplots 2016/08/10 v1.14 Data Visualization (1.14)

("C:\Program Files\MiKTeX 2.9\tex\generic\pgfplots\pgfplots.code.tex"
("C:\Program Files\MiKTeX 2.9\tex\generic\pgfplots\pgfplotscore.code.tex"
\t@pgfplots@toka=\toks42
\t@pgfplots@tokb=\toks43
\t@pgfplots@tokc=\toks44
\pgfplots@tmpa=\dimen174
\c@pgfplots@coordindex=\count125
\c@pgfplots@scanlineindex=\count126

("C:\Program Files\MiKTeX 2.9\tex\generic\pgfplots\sys\pgfplotssysgeneric.code.
tex"))
("C:\Program Files\MiKTeX 2.9\tex\generic\pgfplots\libs\pgfplotslibrary.code.te
x")
("C:\Program Files\MiKTeX 2.9\tex\generic\pgfplots\oldpgfcompatib\pgfplotsoldpg
fsupp_loader.code.tex"
("C:\Program Files\MiKTeX 2.9\tex\generic\pgf\libraries\pgflibraryfpu.code.tex"
)
Package pgfplots: loading complementary arithmetics for your pgf version...

("C:\Program Files\MiKTeX 2.9\tex\generic\pgfplots\oldpgfcompatib\pgfplotsoldpg
fsupp_pgflibraryfpu.code.tex")
("C:\Program Files\MiKTeX 2.9\tex\generic\pgfplots\oldpgfcompatib\pgfplotsoldpg
fsupp_pgfmathfloat.code.tex"
\c@pgfmathroundto@lastzeros=\count127
))
("C:\Program Files\MiKTeX 2.9\tex\generic\pgfplots\util\pgfplotsutil.code.tex"
("C:\Program Files\MiKTeX 2.9\tex\generic\pgfplots\liststructure\pgfplotslistst
ructure.code.tex")
("C:\Program Files\MiKTeX 2.9\tex\generic\pgfplots\liststructure\pgfplotslistst
ructureext.code.tex")
("C:\Program Files\MiKTeX 2.9\tex\generic\pgfplots\liststructure\pgfplotsarray.
code.tex"
\c@pgfplotsarray@tmp=\count128
)
("C:\Program Files\MiKTeX 2.9\tex\generic\pgfplots\liststructure\pgfplotsmatrix
.code.tex")
("C:\Program Files\MiKTeX 2.9\tex\generic\pgfplots\numtable\pgfplotstableshared
.code.tex"
\c@pgfplotstable@counta=\count129
\t@pgfplotstable@a=\toks45
)
("C:\Program Files\MiKTeX 2.9\tex\generic\pgfplots\liststructure\pgfplotsdeque.
code.tex")
("C:\Program Files\MiKTeX 2.9\tex\generic\pgfplots\util\pgfplotsbinary.code.tex
"
("C:\Program Files\MiKTeX 2.9\tex\generic\pgfplots\util\pgfplotsbinary.data.cod
e.tex"))
("C:\Program Files\MiKTeX 2.9\tex\generic\pgfplots\util\pgfplotsutil.verb.code.
tex")
("C:\Program Files\MiKTeX 2.9\tex\generic\pgfplots\libs\pgflibrarypgfplots.surf
shading.code.tex"
\c@pgfplotslibrarysurf@no=\count130

("C:\Program Files\MiKTeX 2.9\tex\generic\pgfplots\sys\pgflibrarypgfplots.surfs
hading.pgfsys-pdftex.def")))
("C:\Program Files\MiKTeX 2.9\tex\generic\pgfplots\util\pgfplotscolormap.code.t
ex"
("C:\Program Files\MiKTeX 2.9\tex\generic\pgfplots\util\pgfplotscolor.code.tex"
))
("C:\Program Files\MiKTeX 2.9\tex\generic\pgfplots\pgfplotsstackedplots.code.te
x")
("C:\Program Files\MiKTeX 2.9\tex\generic\pgfplots\pgfplotsplothandlers.code.te
x"
("C:\Program Files\MiKTeX 2.9\tex\generic\pgfplots\pgfplotsmeshplothandler.code
.tex"
("C:\Program Files\MiKTeX 2.9\tex\generic\pgfplots\pgfplotsmeshplotimage.code.t
ex")))
("C:\Program Files\MiKTeX 2.9\tex\generic\pgfplots\pgfplots.scaling.code.tex")
("C:\Program Files\MiKTeX 2.9\tex\generic\pgfplots\pgfplotscoordprocessing.code
.tex")
("C:\Program Files\MiKTeX 2.9\tex\generic\pgfplots\pgfplots.errorbars.code.tex"
) ("C:\Program Files\MiKTeX 2.9\tex\generic\pgfplots\pgfplots.markers.code.tex"
) ("C:\Program Files\MiKTeX 2.9\tex\generic\pgfplots\pgfplotsticks.code.tex")
("C:\Program Files\MiKTeX 2.9\tex\generic\pgfplots\pgfplots.paths.code.tex")
("C:\Program Files\MiKTeX 2.9\tex\generic\pgf\frontendlayer\tikz\libraries\tikz
librarydecorations.code.tex"
("C:\Program Files\MiKTeX 2.9\tex\generic\pgf\modules\pgfmoduledecorations.code
.tex"
\pgfdecoratedcompleteddistance=\dimen175
\pgfdecoratedremainingdistance=\dimen176
\pgfdecoratedinputsegmentcompleteddistance=\dimen177
\pgfdecoratedinputsegmentremainingdistance=\dimen178
\pgf@decorate@distancetomove=\dimen179
\pgf@decorate@repeatstate=\count131
\pgfdecorationsegmentamplitude=\dimen180
\pgfdecorationsegmentlength=\dimen181
)
\tikz@lib@dec@box=\box42
)
("C:\Program Files\MiKTeX 2.9\tex\generic\pgf\frontendlayer\tikz\libraries\tikz
librarydecorations.pathmorphing.code.tex"
("C:\Program Files\MiKTeX 2.9\tex\generic\pgf\libraries\decorations\pgflibraryd
ecorations.pathmorphing.code.tex"))
("C:\Program Files\MiKTeX 2.9\tex\generic\pgf\frontendlayer\tikz\libraries\tikz
librarydecorations.pathreplacing.code.tex"
("C:\Program Files\MiKTeX 2.9\tex\generic\pgf\libraries\decorations\pgflibraryd
ecorations.pathreplacing.code.tex"))
\pgfplots@numplots=\count132
\pgfplots@xmin@reg=\dimen182
\pgfplots@xmax@reg=\dimen183
\pgfplots@ymin@reg=\dimen184
\pgfplots@ymax@reg=\dimen185
\pgfplots@zmin@reg=\dimen186
\pgfplots@zmax@reg=\dimen187
)
("C:\Program Files\MiKTeX 2.9\tex\generic\pgf\frontendlayer\tikz\libraries\tikz
libraryplotmarks.code.tex"
File: tikzlibraryplotmarks.code.tex 2008/01/09 v3.0.1a (rcs-revision 1.1)

("C:\Program Files\MiKTeX 2.9\tex\generic\pgf\libraries\pgflibraryplotmarks.cod
e.tex"
File: pgflibraryplotmarks.code.tex 2015/08/03 v3.0.1a (rcs-revision 1.14)
))) ("C:\Program Files\MiKTeX 2.9\tex\latex\multirow\multirow.sty"
Package: multirow 2016/11/25 v2.2 Span multiple rows of a table
\multirow@colwidth=\skip50
\multirow@cntb=\count133
\multirow@dima=\skip51
\bigstrutjot=\dimen188
)
("C:\Program Files\MiKTeX 2.9\tex\latex\bbm\bbm.sty"
Package: bbm 1999/03/15 V 1.2 provides fonts for set symbols - TH
LaTeX Font Info:    Overwriting math alphabet `\mathbbm' in version `bold'
(Font)                  U/bbm/m/n --> U/bbm/bx/n on input line 33.
LaTeX Font Info:    Overwriting math alphabet `\mathbbmss' in version `bold'
(Font)                  U/bbmss/m/n --> U/bbmss/bx/n on input line 35.
)
("C:\Program Files\MiKTeX 2.9\tex\latex\breqn\breqn.sty"
("C:\Program Files\MiKTeX 2.9\tex\latex\l3kernel\expl3.sty"
Package: expl3 2017/04/01 L3 programming layer (loader) 

("C:\Program Files\MiKTeX 2.9\tex\latex\l3kernel\expl3-code.tex"
Package: expl3 2017/04/01 L3 programming layer (code)
\c_max_int=\count134
\l_tmpa_int=\count135
\l_tmpb_int=\count136
\g_tmpa_int=\count137
\g_tmpb_int=\count138
\g__prg_map_int=\count139
\c_log_iow=\count140
\l_iow_line_count_int=\count141
\l__iow_line_target_int=\count142
\l__iow_one_indent_int=\count143
\l__iow_indent_int=\count144
\c_zero_dim=\dimen189
\c_max_dim=\dimen190
\l_tmpa_dim=\dimen191
\l_tmpb_dim=\dimen192
\g_tmpa_dim=\dimen193
\g_tmpb_dim=\dimen194
\c_zero_skip=\skip52
\c_max_skip=\skip53
\l_tmpa_skip=\skip54
\l_tmpb_skip=\skip55
\g_tmpa_skip=\skip56
\g_tmpb_skip=\skip57
\c_zero_muskip=\muskip11
\c_max_muskip=\muskip12
\l_tmpa_muskip=\muskip13
\l_tmpb_muskip=\muskip14
\g_tmpa_muskip=\muskip15
\g_tmpb_muskip=\muskip16
\l_keys_choice_int=\count145
\c__fp_leading_shift_int=\count146
\c__fp_middle_shift_int=\count147
\c__fp_trailing_shift_int=\count148
\c__fp_big_leading_shift_int=\count149
\c__fp_big_middle_shift_int=\count150
\c__fp_big_trailing_shift_int=\count151
\c__fp_Bigg_leading_shift_int=\count152
\c__fp_Bigg_middle_shift_int=\count153
\c__fp_Bigg_trailing_shift_int=\count154
\c__fp_rand_size_int=\count155
\c__fp_rand_four_int=\count156
\c__fp_rand_eight_int=\count157
\l__sort_length_int=\count158
\l__sort_min_int=\count159
\l__sort_top_int=\count160
\l__sort_max_int=\count161
\l__sort_true_max_int=\count162
\l__sort_block_int=\count163
\l__sort_begin_int=\count164
\l__sort_end_int=\count165
\l__sort_A_int=\count166
\l__sort_B_int=\count167
\l__sort_C_int=\count168
\c_empty_box=\box43
\l_tmpa_box=\box44
\l_tmpb_box=\box45
\g_tmpa_box=\box46
\g_tmpb_box=\box47
\l__coffin_internal_box=\box48
\l__coffin_internal_dim=\dimen195
\l__coffin_offset_x_dim=\dimen196
\l__coffin_offset_y_dim=\dimen197
\l__coffin_x_dim=\dimen198
\l__coffin_y_dim=\dimen199
\l__coffin_x_prime_dim=\dimen256
\l__coffin_y_prime_dim=\dimen257
\c_empty_coffin=\box49
\l__coffin_aligned_coffin=\box50
\l__coffin_aligned_internal_coffin=\box51
\l_tmpa_coffin=\box52
\l_tmpb_coffin=\box53
\l__coffin_display_coffin=\box54
\l__coffin_display_coord_coffin=\box55
\l__coffin_display_pole_coffin=\box56
\l__coffin_display_offset_dim=\dimen258
\l__coffin_display_x_dim=\dimen259
\l__coffin_display_y_dim=\dimen260
\l__box_top_dim=\dimen261
\l__box_bottom_dim=\dimen262
\l__box_left_dim=\dimen263
\l__box_right_dim=\dimen264
\l__box_top_new_dim=\dimen265
\l__box_bottom_new_dim=\dimen266
\l__box_left_new_dim=\dimen267
\l__box_right_new_dim=\dimen268
\l__box_internal_box=\box57
\l__coffin_bounding_shift_dim=\dimen269
\l__coffin_left_corner_dim=\dimen270
\l__coffin_right_corner_dim=\dimen271
\l__coffin_bottom_corner_dim=\dimen272
\l__coffin_top_corner_dim=\dimen273
\l__coffin_scaled_total_height_dim=\dimen274
\l__coffin_scaled_width_dim=\dimen275
)
("C:\Program Files\MiKTeX 2.9\tex\latex\l3kernel\l3pdfmode.def"
File: l3pdfmode.def 2017/03/18 v L3 Experimental driver: PDF mode
\l__driver_color_stack_int=\count169
\l__driver_tmp_box=\box58
))
Package: breqn 2017/01/27 v0.98e Breaking equations

("C:\Program Files\MiKTeX 2.9\tex\latex\breqn\flexisym.sty"
Package: flexisym 2017/01/27 v0.98e Make math characters macros
LaTeX Info: Redefining \textprime on input line 300.
LaTeX Info: Redefining \not on input line 358.

("C:\Program Files\MiKTeX 2.9\tex\latex\breqn\cmbase.sym"
File: cmbase.sym 2007/12/19 v0.92
LaTeX Info: Redefining \hbar on input line 325.
LaTeX Info: Redefining \surd on input line 327.
LaTeX Info: Redefining \angle on input line 335.
LaTeX Info: Redefining \neq on input line 336.
LaTeX Info: Redefining \mapsto on input line 337.
LaTeX Info: Redefining \cong on input line 338.
LaTeX Info: Redefining \notin on input line 341.
LaTeX Info: Redefining \rightleftharpoons on input line 342.
LaTeX Info: Redefining \doteq on input line 343.
LaTeX Info: Redefining \hookrightarrow on input line 344.
LaTeX Info: Redefining \hookleftarrow on input line 345.
LaTeX Info: Redefining \bowtie on input line 346.
LaTeX Info: Redefining \models on input line 347.
LaTeX Info: Redefining \Longrightarrow on input line 348.
LaTeX Info: Redefining \longrightarrow on input line 349.
LaTeX Info: Redefining \Longleftarrow on input line 350.
LaTeX Info: Redefining \longleftarrow on input line 351.
LaTeX Info: Redefining \longmapsto on input line 352.
LaTeX Info: Redefining \longleftrightarrow on input line 353.
LaTeX Info: Redefining \Longleftrightarrow on input line 354.
LaTeX Info: Redefining \cdots on input line 358.
LaTeX Info: Redefining \vdots on input line 361.
LaTeX Info: Redefining \ddots on input line 366.
)
("C:\Program Files\MiKTeX 2.9\tex\latex\breqn\mathstyle.sty"
Package: mathstyle 2017/01/27 0.98e Tracking mathstyle implicitly
LaTeX Info: Redefining \displaystyle on input line 93.
LaTeX Info: Redefining \textstyle on input line 95.
LaTeX Info: Redefining \scriptstyle on input line 97.
LaTeX Info: Redefining \scriptscriptstyle on input line 99.
LaTeX Info: Redefining \genfrac on input line 145.
))
("C:\Program Files\MiKTeX 2.9\tex\latex\tools\calc.sty"
Package: calc 2014/10/28 v4.3 Infix arithmetic (KKT,FJ)
\calc@Acount=\count170
\calc@Bcount=\count171
\calc@Adimen=\dimen276
\calc@Bdimen=\dimen277
\calc@Askip=\skip58
\calc@Bskip=\skip59
LaTeX Info: Redefining \setlength on input line 80.
LaTeX Info: Redefining \addtolength on input line 81.
\calc@Ccount=\count172
\calc@Cskip=\skip60
)
\inf@bad=\count173
\maxint=\count174
\listwidth=\dimen278
\eqnumsep=\dimen279
\eqmargin=\dimen280
\eqlinespacing=\skip61
\eqlineskip=\skip62
\eqlineskiplimit=\dimen281
\eqbinoffset=\muskip17
\eqdelimoffset=\muskip18
\eqindentstep=\dimen282
\eqstyle=\toks46
\eqbreakdepth=\count175
\eqinterlinepenalty=\count176
\intereqpenalty=\count177
\intereqskip=\skip63
\prerelpenalty=\count178
\prebinoppenalty=\count179
\Dmedmuskip=\muskip19
\Dthickmuskip=\muskip20
\eqleftskip=\skip64
\eqrightskip=\skip65
\eq@vspan=\skip66
\eq@binoffset=\muskip21
\EQ@box=\box59
\EQ@copy=\box60
\EQ@numbox=\box61
\eq@wdNum=\dimen283
\GRP@numbox=\box62
\grp@wdNum=\dimen284
\eq@lines=\count180
\eq@curline=\count181
\eq@badness=\count182
\EQ@vims=\count183
\eq@dp=\dimen285
\eq@wdL=\dimen286
\eq@wdT=\dimen287
\eq@wdMin=\dimen288
\grp@wdL=\dimen289
\grp@wdR=\dimen290
\grp@wdT=\dimen291
\eq@wdRmax=\dimen292
\eq@firstht=\dimen293
\eq@wdCond=\dimen294
\eq@indentstep=\dimen295
\eq@linewidth=\dimen296
\grp@linewidth=\dimen297
\eq@hshift=\dimen298
\eq@given@sidespace=\dimen299
\mathindent=\dimen300
\eq@final@linecount=\count184
\eq@wdR=\dimen301
\EQ@continue=\toks47
\lr@level=\count185
\GRP@queue=\toks48
\GRP@box=\box63
\GRP@wholebox=\box64
\darraycolsep=\skip67
\cur@row=\count186
\cur@col=\count187
\conditionsep=\skip68
)
("C:\Program Files\MiKTeX 2.9\tex\latex\algorithm2e\algorithm2e.sty"
Package: algorithm2e 2013/01/06 v5.00 algorithms environments
\c@AlgoLine=\count188
\algocf@hangindent=\skip69

("C:\Program Files\MiKTeX 2.9\tex\latex\tools\xspace.sty"
Package: xspace 2014/10/28 v1.13 Space after command names (DPC,MH)
)
("C:\Program Files\MiKTeX 2.9\tex\latex\ltxmisc\relsize.sty"
Package: relsize 2003/07/04 ver 3.1
)
********************************************************
Package `algorithm2e' Release 5.1 -- october 19 2015 --
- algorithm2e-announce@lirmm.fr mailing list for announcement about releases
- algorithm2e-discussion@lirmm.fr mailing list for discussion about package
subscribe by emailing sympa@lirmm.fr with 'subscribe <list> <firstname name>'
- Author: Christophe Fiorio (christophe.fiorio@umontpellier.fr)
********************************************************
\skiptotal=\skip70
\skiplinenumber=\skip71
\skiprule=\skip72
\skiphlne=\skip73
\skiptext=\skip74
\skiplength=\skip75
\algomargin=\skip76
\skipalgocfslide=\skip77
\algowidth=\dimen302
\inoutsize=\dimen303
\inoutindent=\dimen304
\interspacetitleruled=\dimen305
\interspacealgoruled=\dimen306
\interspacetitleboxruled=\dimen307
\algocf@ruledwidth=\skip78
\algocf@inoutbox=\box65
\algocf@inputbox=\box66
\AlCapSkip=\skip79
\AlCapHSkip=\skip80
\algoskipindent=\skip81
\algocf@nlbox=\box67
\algocf@hangingbox=\box68
\algocf@untilbox=\box69
\algocf@skipuntil=\skip82
\algocf@capbox=\box70
\algoheightruledefault=\skip83
\algoheightrule=\skip84
\algotitleheightruledefault=\skip85
\algotitleheightrule=\skip86
\c@algocfline=\count189
\c@algocfproc=\count190
\c@algocf=\count191
\algocf@algoframe=\box71
\algocf@algobox=\box72

! LaTeX Error: Command \algorithm already defined.
               Or name \end... illegal, see p.192 of the manual.

See the LaTeX manual or LaTeX Companion for explanation.
Type  H <return>  for immediate help.
 ...                                              
                                                  
l.2712 }
        %
Your command was ignored.
Type  I <command> <return>  to replace it with another command,
or  <return>  to continue without it.


! LaTeX Error: Command \algorithm* already defined.
               Or name \end... illegal, see p.192 of the manual.

See the LaTeX manual or LaTeX Companion for explanation.
Type  H <return>  for immediate help.
 ...                                              
                                                  
l.2720 }
        %
Your command was ignored.
Type  I <command> <return>  to replace it with another command,
or  <return>  to continue without it.


! LaTeX Error: Command \listofalgorithms already defined.
               Or name \end... illegal, see p.192 of the manual.

See the LaTeX manual or LaTeX Companion for explanation.
Type  H <return>  for immediate help.
 ...                                              
                                                  
l.2727 }
        %
Your command was ignored.
Type  I <command> <return>  to replace it with another command,
or  <return>  to continue without it.

) ("C:\Program Files\MiKTeX 2.9\tex\latex\mathtools\mathtools.sty"
Package: mathtools 2015/11/12 v1.18 mathematical typesetting tools

("C:\Program Files\MiKTeX 2.9\tex\latex\mathtools\mhsetup.sty"
Package: mhsetup 2010/01/21 v1.2a programming setup (MH)
)
LaTeX Info: Thecontrolsequence`\('isalreadyrobust on input line 129.
LaTeX Info: Thecontrolsequence`\)'isalreadyrobust on input line 129.
LaTeX Info: Thecontrolsequence`\['isalreadyrobust on input line 129.
LaTeX Info: Thecontrolsequence`\]'isalreadyrobust on input line 129.
\g_MT_multlinerow_int=\count192
\l_MT_multwidth_dim=\dimen308
\origjot=\skip87
\l_MT_shortvdotswithinadjustabove_dim=\dimen309
\l_MT_shortvdotswithinadjustbelow_dim=\dimen310
\l_MT_above_intertext_sep=\dimen311
\l_MT_below_intertext_sep=\dimen312
\l_MT_above_shortintertext_sep=\dimen313
\l_MT_below_shortintertext_sep=\dimen314
) (icnp.aux

LaTeX Warning: Label `IEEEhowto:kopka' multiply defined.


LaTeX Warning: Label `IEEEhowto:kopka' multiply defined.


LaTeX Warning: Label `IEEEhowto:kopka' multiply defined.


LaTeX Warning: Label `IEEEhowto:kopka' multiply defined.


LaTeX Warning: Label `IEEEhowto:kopka' multiply defined.


LaTeX Warning: Label `IEEEhowto:kopka' multiply defined.


LaTeX Warning: Label `IEEEhowto:kopka' multiply defined.


LaTeX Warning: Label `IEEEhowto:kopka' multiply defined.


LaTeX Warning: Label `IEEEhowto:kopka' multiply defined.


LaTeX Warning: Label `IEEEhowto:kopka' multiply defined.


LaTeX Warning: Label `IEEEhowto:kopka' multiply defined.


LaTeX Warning: Label `IEEEhowto:kopka' multiply defined.


LaTeX Warning: Label `IEEEhowto:kopka' multiply defined.


LaTeX Warning: Label `IEEEhowto:kopka' multiply defined.


LaTeX Warning: Label `IEEEhowto:kopka' multiply defined.


LaTeX Warning: Label `IEEEhowto:kopka' multiply defined.


LaTeX Warning: Label `IEEEhowto:kopka' multiply defined.


LaTeX Warning: Label `IEEEhowto:kopka' multiply defined.


LaTeX Warning: Label `IEEEhowto:kopka' multiply defined.


LaTeX Warning: Label `IEEEhowto:kopka' multiply defined.


LaTeX Warning: Label `IEEEhowto:kopka' multiply defined.


LaTeX Warning: Label `IEEEhowto:kopka' multiply defined.


LaTeX Warning: Label `IEEEhowto:kopka' multiply defined.


LaTeX Warning: Label `IEEEhowto:kopka' multiply defined.


LaTeX Warning: Label `IEEEhowto:kopka' multiply defined.


LaTeX Warning: Label `IEEEhowto:kopka' multiply defined.


LaTeX Warning: Label `IEEEhowto:kopka' multiply defined.


LaTeX Warning: Label `IEEEhowto:kopka' multiply defined.


LaTeX Warning: Label `IEEEhowto:kopka' multiply defined.


LaTeX Warning: Label `IEEEhowto:kopka' multiply defined.


LaTeX Warning: Label `IEEEhowto:kopka' multiply defined.


LaTeX Warning: Label `IEEEhowto:kopka' multiply defined.


LaTeX Warning: Label `IEEEhowto:kopka' multiply defined.


LaTeX Warning: Label `IEEEhowto:kopka' multiply defined.


LaTeX Warning: Label `IEEEhowto:kopka' multiply defined.

)
\openout1 = `icnp.aux'.

LaTeX Font Info:    Checking defaults for OML/cmm/m/it on input line 55.
LaTeX Font Info:    ... okay on input line 55.
LaTeX Font Info:    Checking defaults for T1/cmr/m/n on input line 55.
LaTeX Font Info:    ... okay on input line 55.
LaTeX Font Info:    Checking defaults for OT1/cmr/m/n on input line 55.
LaTeX Font Info:    ... okay on input line 55.
LaTeX Font Info:    Checking defaults for OMS/cmsy/m/n on input line 55.
LaTeX Font Info:    ... okay on input line 55.
LaTeX Font Info:    Checking defaults for OMX/cmex/m/n on input line 55.
LaTeX Font Info:    ... okay on input line 55.
LaTeX Font Info:    Checking defaults for U/cmr/m/n on input line 55.
LaTeX Font Info:    ... okay on input line 55.
 ABD: EveryShipout initializing macros
("C:\Program Files\MiKTeX 2.9\tex\context\base\supp-pdf.mkii"
[Loading MPS to PDF converter (version 2006.09.02).]
\scratchcounter=\count193
\scratchdimen=\dimen315
\scratchbox=\box73
\nofMPsegments=\count194
\nofMParguments=\count195
\everyMPshowfont=\toks49
\MPscratchCnt=\count196
\MPscratchDim=\dimen316
\MPnumerator=\count197
\makeMPintoPDFobject=\count198
\everyMPtoPDFconversion=\toks50
) ("C:\Program Files\MiKTeX 2.9\tex\generic\oberdiek\pdftexcmds.sty"
Package: pdftexcmds 2016/05/21 v0.22 Utility functions of pdfTeX for LuaTeX (HO
)

("C:\Program Files\MiKTeX 2.9\tex\generic\oberdiek\ifluatex.sty"
Package: ifluatex 2016/05/16 v1.4 Provides the ifluatex switch (HO)
Package ifluatex Info: LuaTeX not detected.
)
("C:\Program Files\MiKTeX 2.9\tex\generic\oberdiek\ifpdf.sty"
Package: ifpdf 2016/05/14 v3.1 Provides the ifpdf switch
)
Package pdftexcmds Info: LuaTeX not detected.
Package pdftexcmds Info: \pdf@primitive is available.
Package pdftexcmds Info: \pdf@ifprimitive is available.
Package pdftexcmds Info: \pdfdraftmode found.
)
("C:\Program Files\MiKTeX 2.9\tex\latex\oberdiek\epstopdf-base.sty"
Package: epstopdf-base 2016/05/15 v2.6 Base part for package epstopdf

("C:\Program Files\MiKTeX 2.9\tex\latex\oberdiek\grfext.sty"
Package: grfext 2016/05/16 v1.2 Manage graphics extensions (HO)

("C:\Program Files\MiKTeX 2.9\tex\generic\oberdiek\kvdefinekeys.sty"
Package: kvdefinekeys 2016/05/16 v1.4 Define keys (HO)
))
("C:\Program Files\MiKTeX 2.9\tex\latex\oberdiek\kvoptions.sty"
Package: kvoptions 2016/05/16 v3.12 Key value format for package options (HO)

("C:\Program Files\MiKTeX 2.9\tex\generic\oberdiek\kvsetkeys.sty"
Package: kvsetkeys 2016/05/16 v1.17 Key value parser (HO)

("C:\Program Files\MiKTeX 2.9\tex\generic\oberdiek\etexcmds.sty"
Package: etexcmds 2016/05/16 v1.6 Avoid name clashes with e-TeX commands (HO)
Package etexcmds Info: Could not find \expanded.
(etexcmds)             That can mean that you are not using pdfTeX 1.50 or
(etexcmds)             that some package has redefined \expanded.
(etexcmds)             In the latter case, load this package earlier.
)))
Package epstopdf-base Info: Redefining graphics rule for `.eps' on input line 4
38.
Package grfext Info: Graphics extension search list:
(grfext)             [.png,.pdf,.jpg,.mps,.jpeg,.jbig2,.jb2,.PNG,.PDF,.JPG,.JPE
G,.JBIG2,.JB2,.eps]
(grfext)             \AppendGraphicsExtensions on input line 456.
)

Package pgfplots Warning: running in backwards compatibility mode (unsuitable t
ick labels; missing features). Consider writing \pgfplotsset{compat=1.14} into 
your preamble.
 on input line 55.

LaTeX Font Info:    Try loading font information for U+msa on input line 74.
("C:\Program Files\MiKTeX 2.9\tex\latex\amsfonts\umsa.fd"
File: umsa.fd 2013/01/14 v3.01 AMS symbols A
)
LaTeX Font Info:    Try loading font information for U+msb on input line 74.

("C:\Program Files\MiKTeX 2.9\tex\latex\amsfonts\umsb.fd"
File: umsb.fd 2013/01/14 v3.01 AMS symbols B
)
Missing character: There is no ‚ in font ptmr7t!
Missing character: There is no Ä in font ptmr7t!
Missing character: There is no ú in font ptmr7t!
Missing character: There is no ‚ in font ptmr7t!
Missing character: There is no Ä in font ptmr7t!
Missing character: There is no ù in font ptmr7t!
 [1{C:/Users/Sai/AppData/Local/MiKTeX/2.9/pdftex/config/pdftex.map}


]
<sls.png, id=13, 1023.825pt x 566.86781pt>
File: sls.png Graphic file (type png)
 <use sls.png>
Package pdftex.def Info: sls.png used on input line 123.
(pdftex.def)             Requested size: 213.38487pt x 113.80403pt.

<brp.png, id=15, 569.87906pt x 366.61969pt>
File: brp.png Graphic file (type png)
 <use brp.png>
Package pdftex.def Info: brp.png used on input line 127.
(pdftex.def)             Requested size: 184.93892pt x 113.80756pt.

<quasiproblem.png, id=16, 659.46375pt x 470.50781pt>
File: quasiproblem.png Graphic file (type png)
 <use quasiproblem.png>
Package pdftex.def Info: quasiproblem.png used on input line 131.
(pdftex.def)             Requested size: 213.39742pt x 142.25905pt.

<motivation.png, id=17, 722.7pt x 506.6428pt>
File: motivation.png Graphic file (type png)
 <use motivation.png>
Package pdftex.def Info: motivation.png used on input line 135.
(pdftex.def)             Requested size: 213.39314pt x 142.26102pt.

<architecture.png, id=18, 996.72375pt x 548.0475pt>
File: architecture.png Graphic file (type png)
 <use architecture.png>
Package pdftex.def Info: architecture.png used on input line 139.
(pdftex.def)             Requested size: 241.83449pt x 142.2632pt.

[2 <./sls.png> <./brp.png>]
<connection_protocol.png, id=24, 1096.84781pt x 445.665pt>
File: connection_protocol.png Graphic file (type png)

<use connection_protocol.png>
Package pdftex.def Info: connection_protocol.png used on input line 155.
(pdftex.def)             Requested size: 241.84283pt x 113.80968pt.
Missing character: There is no ‚ in font ptmr7t!
Missing character: There is no Ä in font ptmr7t!
Missing character: There is no ú in font ptmr7t!
Missing character: There is no ‚ in font ptmr7t!
Missing character: There is no Ä in font ptmr7t!
Missing character: There is no ù in font ptmr7t!
 [3 <./quasiproblem.png> <./motivation.png> <./architecture.png> <./connection_
protocol.png>]
LaTeX Font Info:    Try loading font information for U+bbm on input line 177.

("C:\Program Files\MiKTeX 2.9\tex\latex\bbm\ubbm.fd"
File: ubbm.fd 1999/03/15 V 1.2 Font definition for bbm font - TH
)
Overfull \hbox (13.60884pt too wide) detected at line 187
 []$[][] [] \OML/cmm/m/it/10 exp\OT1/cmr/m/n/10 ([] \OML/cmm/m/it/10 w[] [] \U/
bbm/m/n/10 1\OT1/cmr/m/n/10 (\OML/cmm/m/it/10 x[] \OT1/cmr/m/n/10 = \OML/cmm/m/
it/10 x[]\OT1/cmr/m/n/10 )) [] \OML/cmm/m/it/10 exp\OT1/cmr/m/n/10 (\OML/cmm/m/
it/10 m[]\U/bbm/m/n/10 1\OT1/cmr/m/n/10 (\OML/cmm/m/it/10 x[] [] x[]\OT1/cmr/m/
n/10 ))$ []  
 []

\c@mydef1=\count199

Overfull \hbox (28.28206pt too wide) detected at line 212
 []$[][]$ []  
 []

** ATTENTION: \proof is deprecated (line 215). Use \IEEEproof instead.

Underfull \hbox (badness 10000) in paragraph at lines 216--218
 \OT1/ptm/m/it/10 Proof: \OT1/ptm/m/n/10 We solve the op-ti-miza-tion prob-lem
 []


Underfull \hbox (badness 2229) in paragraph at lines 216--218
\OT1/ptm/m/n/10 de-fined by cal-cu-lat-ing its la-grangian, de-note $[]\OT1/cmr
/m/n/10 (\OML/cmm/m/it/10 x[]\OT1/cmr/m/n/10 ) =
 []


Underfull \hbox (badness 10000) in paragraph at lines 216--218
\OT1/ptm/m/n/10 and $\OML/cmm/m/it/10 logP\OT1/cmr/m/n/10 (\OML/cmm/m/it/10 x[]
\OT1/cmr/m/n/10 ) = \OMS/cmsy/m/n/10  \OML/cmm/m/it/10 logZ \OMS/cmsy/m/n/10   
[][] []\OT1/cmr/m/n/10 (\OML/cmm/m/it/10 x[]\OT1/cmr/m/n/10 ) \OMS/cmsy/m/n/10 
 
 []


Overfull \hbox (13.59425pt too wide) in paragraph at lines 221--221
[] 
 []


Overfull \hbox (14.46556pt too wide) in paragraph at lines 224--224
[] 
 []


Underfull \vbox (badness 1210) has occurred while \output is active []

 [4]
Underfull \hbox (badness 1990) in paragraph at lines 224--226
\OT1/cmr/m/n/10 1 \OMS/cmsy/m/n/10   \OML/cmm/m/it/10 [] \OT1/cmr/m/n/10 = 0$ 
\OT1/ptm/m/n/10 and $\OML/cmm/m/it/10 Q\OT1/cmr/m/n/10 (\OML/cmm/m/it/10 x[]\OM
S/cmsy/m/n/10 j\OML/cmm/m/it/10 rm\OT1/cmr/m/n/10 ) \OMS/cmsy/m/n/10 / \OML/cmm
/m/it/10 exp\OT1/cmr/m/n/10 ([][] [](\OML/cmm/m/it/10 x[]\OT1/cmr/m/n/10 ) +
 []

** ATTENTION: \proof is deprecated (line 235). Use \IEEEproof instead.

Underfull \hbox (badness 10000) in paragraph at lines 236--237
 \OT1/ptm/m/it/10 Proof: $\OML/cmm/m/it/10 x[] \OT1/cmr/m/n/10 = []\OML/cmm/m/i
t/10 P\OT1/cmr/m/n/10 (\OML/cmm/m/it/10 x[]\OMS/cmsy/m/n/10 j\OML/cmm/m/it/10 r
m\OT1/cmr/m/n/10 ) \OMS/cmsy/m/n/10 
 []


Underfull \hbox (badness 1584) in paragraph at lines 236--237
[]\OML/cmm/m/it/10 Q\OT1/cmr/m/n/10 (\OML/cmm/m/it/10 x[]\OMS/cmsy/m/n/10 j\OML
/cmm/m/it/10 rm\OT1/cmr/m/n/10 ) = [] [] \OML/cmm/m/it/10 Q\OT1/cmr/m/n/10 (\OM
L/cmm/m/it/10 x[]\OMS/cmsy/m/n/10 j\OML/cmm/m/it/10 rm\OT1/cmr/m/n/10 )$\OT1/pt
m/m/n/10 . There-fore
 []


Overfull \hbox (9.27808pt too wide) in paragraph at lines 255--255
[] 
 []


Underfull \hbox (badness 5847) in paragraph at lines 258--260
[] \OT1/cmr/m/n/10 = \OML/cmm/m/it/10 E[]\OT1/cmr/m/n/10 ([][] [][] \U/bbm/m/n/
10 1[]\OT1/cmr/m/n/10 ) \OMS/cmsy/m/n/10  
 []

** ATTENTION: \proof is deprecated (line 261). Use \IEEEproof instead.

Underfull \hbox (badness 10000) in paragraph at lines 265--266
[]$\OML/cmm/m/it/10 Z[]\OT1/cmr/m/n/10 (\OML/cmm/m/it/10 \OT1/cmr/m/n/10 ) = [
] \OML/cmm/m/it/10 exp[] [] [] w[] [] \U/bbm/m/n/10 1[]\OT1/cmr/m/n/10 ) +
 []


Underfull \hbox (badness 10000) in paragraph at lines 265--266
[] \OML/cmm/m/it/10 m[]\U/bbm/m/n/10 1[][]$\OT1/ptm/m/n/10 .Therefore we have t
he fol-low-ing
 []

[5]
Underfull \hbox (badness 10000) in paragraph at lines 268--270
\OT1/ptm/m/n/10 Hence we got $[] \OT1/cmr/m/n/10 =
 []


Underfull \hbox (badness 10000) in paragraph at lines 268--270
\OMS/cmsy/m/n/10  [] [][] \OML/cmm/m/it/10 E[][] [][] \U/bbm/m/n/10 1[][]$\OT1/
ptm/m/n/10 .
 []


Underfull \hbox (badness 10000) in paragraph at lines 268--270
\OT1/ptm/m/n/10 By tak-ing deriva-tive w.r.t Part B, we get
 []


Underfull \hbox (badness 10000) in paragraph at lines 268--270
[] \OT1/cmr/m/n/10 = [] [][] [][] [][] \U/bbm/m/n/10 1[] \OT1/cmr/m/n/10 =
 []


Underfull \hbox (badness 10000) in paragraph at lines 268--270
\OT1/ptm/m/n/10 + $[] \OT1/cmr/m/n/10 + [] +\OML/cmm/m/it/10 C$\OT1/ptm/m/n/10 
,
 []


Underfull \hbox (badness 2057) in paragraph at lines 268--270
\OMS/cmsy/m/n/10  []\OML/cmm/m/it/10 E[]\OT1/cmr/m/n/10 (\U/bbm/m/n/10 1[]\OT1/
cmr/m/n/10 )\OML/cmm/m/it/10 ; [] \OT1/cmr/m/n/10 = \OML/cmm/m/it/10 E[]\OT1/cm
r/m/n/10 (\U/bbm/m/n/10 1[]\OT1/cmr/m/n/10 )$ \OT1/ptm/m/n/10 and
 []


Underfull \hbox (badness 2653) in paragraph at lines 285--285
[] \OT1/cmr/m/n/10 = \OMS/cmsy/m/n/10 f[]\OML/cmm/m/it/10 ; []\OMS/cmsy/m/n/10 
g$
 []

** ATTENTION: \proof is deprecated (line 291). Use \IEEEproof instead.

Underfull \hbox (badness 5077) in paragraph at lines 292--293
 \OT1/ptm/m/it/10 Proof: \OT1/ptm/m/n/10 We prove that $\OML/cmm/m/it/10 P\OT1/
cmr/m/n/10 (\OML/cmm/m/it/10 \OMS/cmsy/m/n/10 j\OML/cmm/m/it/10 D; rm\OT1/cmr/
m/n/10 )$ \OT1/ptm/m/n/10 is a con-cave
 []


Underfull \hbox (badness 2875) in paragraph at lines 292--293
\OT1/ptm/m/n/10 func-tion, there-fore the global max-i-mum can be found
 []


Underfull \hbox (badness 2384) in paragraph at lines 292--293
\OT1/ptm/m/n/10 by us-ing gra-di-ent as-cent method de-fined in Al-go-rithm
 []


Underfull \hbox (badness 10000) in paragraph at lines 292--293
\OT1/ptm/m/n/10 1. To prove its con-cav-ity, first we de-fine ran-dom
 []


Underfull \hbox (badness 2134) in paragraph at lines 292--293
\OT1/ptm/m/n/10 vari-able $\OML/cmm/m/it/10 u[] \OT1/cmr/m/n/10 = [][] [][] \U/
bbm/m/n/10 1[]$\OT1/ptm/m/n/10 , and de-fine
 []


Underfull \hbox (badness 10000) in paragraph at lines 292--293
\OMS/cmsy/m/n/10  [] [][] [][] [] \OT1/cmr/m/n/10 =
 []


Underfull \hbox (badness 10000) in paragraph at lines 292--293
\OMS/cmsy/m/n/10  [] [][] \OML/cmm/m/it/10 E[]\OT1/cmr/m/n/10 (\OML/cmm/m/it/10
 u[]u[]\OT1/cmr/m/n/10 ) \OMS/cmsy/m/n/10  
 []


Underfull \hbox (badness 10000) in paragraph at lines 292--293
\OT1/ptm/m/n/10 We also have $[] \OT1/cmr/m/n/10 = [] = 0$\OT1/ptm/m/n/10 ,
 []


Underfull \hbox (badness 10000) in paragraph at lines 292--293
\OT1/ptm/m/n/10 and $[] \OT1/cmr/m/n/10 = \OMS/cmsy/m/n/10  [] [][] \OML/cmm/m/
it/10 Cov\OT1/cmr/m/n/10 (\OML/cmm/m/it/10 u[]; \U/bbm/m/n/10 1[]$\OT1/ptm/m/n/
10 .
 []


Underfull \hbox (badness 10000) in paragraph at lines 292--293
\OT1/ptm/m/n/10 Sim-i-larly, we have $[] \OT1/cmr/m/n/10 = \OMS/cmsy/m/n/10  []
$ \OT1/ptm/m/n/10 if
 []


Underfull \hbox (badness 10000) in paragraph at lines 292--293
[] \OT1/cmr/m/n/10 = \OMS/cmsy/m/n/10  [] [][] \OML/cmm/m/it/10 Cov\OT1/cmr/m/n
/10 (\U/bbm/m/n/10 1[]\OML/cmm/m/it/10 ; \U/bbm/m/n/10 1[]\OT1/cmr/m/n/10 )$\OT
1/ptm/m/n/10 ,
 []


Underfull \hbox (badness 1939) in paragraph at lines 292--293
\OT1/ptm/m/n/10 and $[] \OT1/cmr/m/n/10 = [] = 0$\OT1/ptm/m/n/10 , and $[] \OT1
/cmr/m/n/10 =
 []


Underfull \hbox (badness 10000) in paragraph at lines 292--293
\OMS/cmsy/m/n/10  [] [][] \OML/cmm/m/it/10 Cov\OT1/cmr/m/n/10 (\U/bbm/m/n/10 1[
]\OML/cmm/m/it/10 ; u[]\OT1/cmr/m/n/10 )$\OT1/ptm/m/n/10 . Hence we have
 []


Underfull \hbox (badness 3579) in paragraph at lines 292--293
[] \OT1/cmr/m/n/10 = \OMS/cmsy/m/n/10  [] [][] \OML/cmm/m/it/10 K\OT1/cmr/m/n/1
0 ([]\OML/cmm/m/it/10 ; []\OT1/cmr/m/n/10 ) + $\OT1/ptm/m/n/10 , where
 []


Underfull \hbox (badness 10000) in paragraph at lines 292--293
[] \OT1/cmr/m/n/10 = \OMS/cmsy/m/n/10 f\OML/cmm/m/it/10 u[]; :::; u[]\OMS/cmsy/
m/n/10 g$ \OT1/ptm/m/n/10 and $[] \OT1/cmr/m/n/10 = \OMS/cmsy/m/n/10 f\U/bbm/m/
n/10 1[]\OMS/cmsy/m/n/10 g$\OT1/ptm/m/n/10 ,
 []


Underfull \hbox (badness 1629) in paragraph at lines 292--293
\OML/cmm/m/it/10 diag\OT1/cmr/m/n/10 (\OMS/cmsy/m/n/10  []\OML/cmm/m/it/10 ; ::
:; \OMS/cmsy/m/n/10  []\OML/cmm/m/it/10 ; \OMS/cmsy/m/n/10 f []g\OT1/cmr/m/n/10
 )$ \OT1/ptm/m/n/10 which has neg-a-tive
 []


Underfull \hbox (badness 3078) in paragraph at lines 292--293
\OT1/ptm/m/n/10 con-stants on the di-ag-o-nal. There-fore $\OT1/cmr/m/n/10 $ \
OT1/ptm/m/n/10 is a neg-a-tive
 []


Underfull \hbox (badness 3364) in paragraph at lines 292--293
\OT1/ptm/m/n/10 semidef-i-nite ma-trix. More-over, $\OMS/cmsy/m/n/10  [] [][] \
OML/cmm/m/it/10 K\OT1/cmr/m/n/10 ([]\OML/cmm/m/it/10 ; []\OT1/cmr/m/n/10 )$
 []

[6] <grid.png, id=49, 589.4522pt x 536.75531pt>
File: grid.png Graphic file (type png)
 <use grid.png>
Package pdftex.def Info: grid.png used on input line 302.
(pdftex.def)             Requested size: 142.26291pt x 142.26404pt.

Overfull \hbox (102.4681pt too wide) detected at line 317
\OML/cmm/m/it/10 Q[]\OT1/cmr/m/n/10 (\OML/cmm/m/it/10 x[]\OMS/cmsy/m/n/10 j\OML
/cmm/m/it/10 rm\OT1/cmr/m/n/10 ) \OMS/cmsy/m/n/10 / [] \OML/cmm/m/it/10 exp[] [
] [] w[] [] \U/bbm/m/n/10 1\OT1/cmr/m/n/10 (\OML/cmm/m/it/10 x[] \OT1/cmr/m/n/1
0 = \OML/cmm/m/it/10 x[]\OT1/cmr/m/n/10 ) + [] \OML/cmm/m/it/10 Q[]\OT1/cmr/m/n
/10 (\OML/cmm/m/it/10 x[]\OMS/cmsy/m/n/10 j\OML/cmm/m/it/10 rm\OT1/cmr/m/n/10 )
\OML/cmm/m/it/10 m[]\U/bbm/m/n/10 1\OT1/cmr/m/n/10 (\OML/cmm/m/it/10 x[] [] x[]
\OT1/cmr/m/n/10 )[]
 []


Overfull \hbox (84.16371pt too wide) detected at line 322
\OML/cmm/m/it/10 Q[]\OT1/cmr/m/n/10 (\OML/cmm/m/it/10 x[]\OMS/cmsy/m/n/10 j\OML
/cmm/m/it/10 rm\OT1/cmr/m/n/10 ) \OMS/cmsy/m/n/10 / [] \OML/cmm/m/it/10 exp[] [
] w[] [] \U/bbm/m/n/10 1\OT1/cmr/m/n/10 (\OML/cmm/m/it/10 x[] \OT1/cmr/m/n/10 =
 \OML/cmm/m/it/10 x[]\OT1/cmr/m/n/10 ) + [] \OML/cmm/m/it/10 Q[]\OT1/cmr/m/n/10
 (\OML/cmm/m/it/10 x[]\OMS/cmsy/m/n/10 j\OML/cmm/m/it/10 rm\OT1/cmr/m/n/10 )\OM
L/cmm/m/it/10 m[]\U/bbm/m/n/10 1\OT1/cmr/m/n/10 (\OML/cmm/m/it/10 x[] [] x[]\OT
1/cmr/m/n/10 )[]
 []


Underfull \hbox (badness 1810) in paragraph at lines 342--343
\OML/cmm/m/it/10 PL[]\OT1/cmr/m/n/10 (\OML/cmm/m/it/10 d[]\OT1/cmr/m/n/10 ) \OM
S/cmsy/m/n/10   \OT1/cmr/m/n/10 (17\OML/cmm/m/it/10 :\OT1/cmr/m/n/10 5\OML/cmm/
m/it/10 P[][]d \OT1/cmr/m/n/10 + 12)\OML/cmm/m/it/10 log[]\OT1/cmr/m/n/10 (\OM
L/cmm/m/it/10 []d\OT1/cmr/m/n/10 ) \OMS/cmsy/m/n/10   \OT1/cmr/m/n/10 (\OML/cm
m/m/it/10 X[] \OMS/cmsy/m/n/10  
 []

** ATTENTION: \proof is deprecated (line 344). Use \IEEEproof instead.
[7 <./grid.png>]
** ATTENTION: \proof is deprecated (line 351). Use \IEEEproof instead.

Overfull \hbox (138.7671pt too wide) detected at line 355
 []$[]\OML/cmm/m/it/10 P\OT1/cmr/m/n/10 (\OML/cmm/m/it/10 log\OT1/cmr/m/n/10 (\
OML/cmm/m/it/10 P[]G[]G[]\OT1/cmr/m/n/10 ) \OMS/cmsy/m/n/10   \OML/cmm/m/it/10 
PL[]\OT1/cmr/m/n/10 (\OML/cmm/m/it/10 d[]\OT1/cmr/m/n/10 ) \OMS/cmsy/m/n/10   \
OT1/cmr/m/n/10 (17\OML/cmm/m/it/10 :\OT1/cmr/m/n/10 5\OML/cmm/m/it/10 P[][]d \
OT1/cmr/m/n/10 + 12)\OML/cmm/m/it/10 log[]\OT1/cmr/m/n/10 (\OML/cmm/m/it/10 []
d\OT1/cmr/m/n/10 ) \OMS/cmsy/m/n/10   \OT1/cmr/m/n/10 (\OML/cmm/m/it/10 X[] \OM
S/cmsy/m/n/10   \OML/cmm/m/it/10 X[]\OT1/cmr/m/n/10 )\OML/cmm/m/it/10 P[][]d \
OMS/cmsy/m/n/10   \OML/cmm/m/it/10 X[] >$ 
 []


Overfull \hbox (138.5172pt too wide) detected at line 355
 []$[]\OML/cmm/m/it/10 log\OT1/cmr/m/n/10 (\OML/cmm/m/it/10 P[]G[]G[]\OT1/cmr/m
/n/10 ) \OMS/cmsy/m/n/10   \OML/cmm/m/it/10 PL[]\OT1/cmr/m/n/10 (\OML/cmm/m/it/
10 d[]\OT1/cmr/m/n/10 ) \OMS/cmsy/m/n/10   \OT1/cmr/m/n/10 (17\OML/cmm/m/it/10 
:\OT1/cmr/m/n/10 5\OML/cmm/m/it/10 P[][]d \OT1/cmr/m/n/10 + 12)\OML/cmm/m/it/1
0 log[]\OT1/cmr/m/n/10 (\OML/cmm/m/it/10 []d\OT1/cmr/m/n/10 ) \OMS/cmsy/m/n/10
   \OT1/cmr/m/n/10 (\OML/cmm/m/it/10 X[] \OMS/cmsy/m/n/10   \OML/cmm/m/it/10 X[
]\OT1/cmr/m/n/10 )\OML/cmm/m/it/10 P[][]d \OMS/cmsy/m/n/10   \OML/cmm/m/it/10 
X[]\OT1/cmr/m/n/10 )$ []  
 []


Overfull \hbox (340.7633pt too wide) detected at line 359
\OML/cmm/m/it/10 P\OT1/cmr/m/n/10 (\OML/cmm/m/it/10 X[] \OMS/cmsy/m/n/10   \OML
/cmm/m/it/10 X[] \OT1/cmr/m/n/10 + \OML/cmm/m/it/10 P[]d\OT1/cmr/m/n/10 (\OML/c
mm/m/it/10 []X[] \OMS/cmsy/m/n/10   \OML/cmm/m/it/10 []X[] \OMS/cmsy/m/n/10  
 \OML/cmm/m/it/10 []X[] \OT1/cmr/m/n/10 + \OML/cmm/m/it/10 []X[]\OT1/cmr/m/n/
10 ) \OML/cmm/m/it/10 > \OT1/cmr/m/n/10 17\OML/cmm/m/it/10 :\OT1/cmr/m/n/10 5\O
ML/cmm/m/it/10 P[]d\OT1/cmr/m/n/10 (\OML/cmm/m/it/10 []log[]\OT1/cmr/m/n/10 (\
OML/cmm/m/it/10 []d\OT1/cmr/m/n/10 ) \OMS/cmsy/m/n/10   \OML/cmm/m/it/10 []lo
g[]\OT1/cmr/m/n/10 (\OML/cmm/m/it/10 []d\OT1/cmr/m/n/10 )) + 12\OML/cmm/m/it/1
0 log[]\OT1/cmr/m/n/10 (\OML/cmm/m/it/10 []d\OT1/cmr/m/n/10 ) \OMS/cmsy/m/n/10
   \OT1/cmr/m/n/10 12\OML/cmm/m/it/10 log[]\OT1/cmr/m/n/10 (\OML/cmm/m/it/10 [
]d\OT1/cmr/m/n/10 ))
 []


Overfull \hbox (204.83527pt too wide) detected at line 364
\OML/cmm/m/it/10 P\OT1/cmr/m/n/10 (\OML/cmm/m/it/10 E\OT1/cmr/m/n/10 [\OML/cmm/
m/it/10 P[]\OT1/cmr/m/n/10 ] \OML/cmm/m/it/10 > E\OT1/cmr/m/n/10 [\OML/cmm/m/it
/10 P[]\OT1/cmr/m/n/10 ]) = \OML/cmm/m/it/10 P\OT1/cmr/m/n/10 (\OML/cmm/m/it/10
 X[] \OMS/cmsy/m/n/10   \OML/cmm/m/it/10 X[] > \OT1/cmr/m/n/10 12\OML/cmm/m/it/
10 log[]\OT1/cmr/m/n/10 (\OML/cmm/m/it/10 []d\OT1/cmr/m/n/10 ) \OMS/cmsy/m/n/1
0   \OT1/cmr/m/n/10 12\OML/cmm/m/it/10 log[]\OT1/cmr/m/n/10 (\OML/cmm/m/it/10 
[]d\OT1/cmr/m/n/10 )) = \OML/cmm/m/it/10 P\OT1/cmr/m/n/10 (\OML/cmm/m/it/10 X[]
 \OMS/cmsy/m/n/10   \OML/cmm/m/it/10 X[] > \OT1/cmr/m/n/10 12\OML/cmm/m/it/10 l
og[]\OT1/cmr/m/n/10 ([])
 []


Underfull \hbox (badness 1648) in paragraph at lines 364--367
\OT1/ptm/m/n/10 for ev-ery $\OT1/cmr/m/n/10 1 \OMS/cmsy/m/n/10  \OML/cmm/m/it/
10 k[] \OMS/cmsy/m/n/10  \OML/cmm/m/it/10 K; k[] [] K$\OT1/ptm/m/n/10 , which 
gives us
 []

<topology.png, id=54, 626.34pt x 435.12563pt>
File: topology.png Graphic file (type png)
 <use topology.png>
Package pdftex.def Info: topology.png used on input line 373.
(pdftex.def)             Requested size: 184.94072pt x 113.80722pt.

Underfull \hbox (badness 2181) in paragraph at lines 379--380
[]\OT1/ptm/m/n/10 For the set of sam-ples $\OML/cmm/m/it/10 S$\OT1/ptm/m/n/10 ,
 we know their op-ti-mal
 []


Underfull \hbox (badness 2020) in paragraph at lines 379--380
\OT1/ptm/m/n/10 tu-ples, $\OMS/cmsy/m/n/10 f\OT1/cmr/m/n/10 (\OML/cmm/m/it/10 A
P[]ID[]; Sec[]AP[]ID[]; Sec[]UE[]ID[]\OT1/cmr/m/n/10 )\OMS/cmsy/m/n/10 g$\OT1/p
tm/m/n/10 , where
 []


Underfull \hbox (badness 1852) in paragraph at lines 379--380
\OT1/ptm/m/n/10 tenna ID, AP trans-mit sec-tor ID and UE trans-mit ID
 []


Underfull \hbox (badness 6125) in paragraph at lines 420--420
\OML/cmm/m/it/10 P\OT1/cmr/m/n/10 (\OML/cmm/m/it/10 y\OMS/cmsy/m/n/10 j\OML/cmm
/m/it/10 x\OT1/cmr/m/n/10 )\OML/cmm/m/it/10 P\OT1/cmr/m/n/10 (\OML/cmm/m/it/10 
x\OT1/cmr/m/n/10 ) = [](\OML/cmm/m/it/10 y\OT1/cmr/m/n/10 )[](\OML/cmm/m/it/10 
x\OT1/cmr/m/n/10 )$\OT1/ptm/m/n/10 , where
 []


Underfull \hbox (badness 10000) in paragraph at lines 420--420

 []


Underfull \vbox (badness 10000) has occurred while \output is active []

 [8 <./topology.png>]
Underfull \hbox (badness 1603) in paragraph at lines 426--436
[]\OT1/ptm/m/n/10 For train-ing, we want to find the pa-ram-e-ters $\OML/cmm/m/
it/10  \OT1/cmr/m/n/10 =
 []


Underfull \vbox (badness 10000) has occurred while \output is active []

 [9]
Underfull \hbox (badness 10000) in paragraph at lines 487--487
[]$\OML/cmm/m/it/10 B[] \OT1/cmr/m/n/10 = \OML/cmm/m/it/10 Sum\OT1/cmr/m/n/10 (
\OML/cmm/m/it/10 Sec[]UE[]ID\OT1/cmr/m/n/10 ; \OML/cmm/m/it/10 B[]\OT1/cmr/m/n/
10 )$
 []


Underfull \hbox (badness 1558) in paragraph at lines 487--487
[]\OT1/ptm/m/n/10 Find the UE trans-mit sec-tor with the
 []


Overfull \hbox (1.29349pt too wide) in paragraph at lines 487--490
\OT1/ptm/m/n/10 Append $\OML/cmm/m/it/10 v$ \OT1/ptm/m/n/10 to $\OML/cmm/m/it/1
0 S$\OT1/ptm/m/n/10 , and $\OT1/cmr/m/n/10 (\OML/cmm/m/it/10 AP[]ID[]; Sec[]AP[
]ID[]; Sec[]UE[]ID[]\OT1/cmr/m/n/10 )$
 []


Underfull \vbox (badness 10000) has occurred while \output is active []


<ap_sector_training.png, id=61, 1471.74844pt x 284.56313pt>
File: ap_sector_training.png Graphic file (type png)

<use ap_sector_training.png>
Package pdftex.def Info: ap_sector_training.png used on input line 497.
(pdftex.def)             Requested size: 241.8399pt x 56.90292pt.

<ue_sector_training.png, id=62, 911.65594pt x 258.9675pt>
File: ue_sector_training.png Graphic file (type png)

<use ue_sector_training.png>
Package pdftex.def Info: ue_sector_training.png used on input line 502.
(pdftex.def)             Requested size: 184.94318pt x 56.90584pt.

Underfull \hbox (badness 10000) in paragraph at lines 495--506
\OT1/ptm/m/n/10 an-tenna $\OML/cmm/m/it/10 f[]$ \OT1/ptm/m/n/10 will trans-mit 
frames through sec-tors
 []


Underfull \hbox (badness 1769) in paragraph at lines 495--506
\OT1/cmr/m/n/10 [\OML/cmm/m/it/10 f[] \OMS/cmsy/m/n/10 	 \OML/cmm/m/it/10 []; 
f[] \OMS/cmsy/m/n/10  \OML/cmm/m/it/10 []\OT1/cmr/m/n/10 ]$\OT1/ptm/m/n/10 , 
each frame is la-beled with the
 []


Underfull \hbox (badness 4981) in paragraph at lines 495--506
\OT1/ptm/m/n/10 the joint prob-a-bil-ity for each $\OT1/cmr/m/n/10 (\OML/cmm/m/
it/10 AP[]ID; Sec[]AP[]ID\OT1/cmr/m/n/10 )$\OT1/ptm/m/n/10 ,
 []


Underfull \hbox (badness 10000) in paragraph at lines 495--506
\OT1/ptm/m/n/10 and rank them in de-scend-ing or-der based on the
 []


Underfull \hbox (badness 3386) in paragraph at lines 495--506
\OT1/ptm/m/n/10 prob-a-bil-i-ties, AP will try each $\OT1/cmr/m/n/10 (\OML/cmm/
m/it/10 AP[]ID; Sec[]AP[]ID\OT1/cmr/m/n/10 )$
 []


Underfull \hbox (badness 10000) in paragraph at lines 495--506
\OT1/ptm/m/n/10 with $\OML/cmm/m/it/10 AP[]sector[]train$\OT1/ptm/m/n/10 . If s
ev-eral pairs have been
 []


Underfull \hbox (badness 2744) in paragraph at lines 495--506
\OT1/ptm/m/n/10 tried and the prob-a-bil-ity of $\OT1/cmr/m/n/10 (\OML/cmm/m/it
/10 AP[]ID; Sec[]AP[]ID\OT1/cmr/m/n/10 )$ \OT1/ptm/m/n/10 is
 []


Underfull \hbox (badness 3229) in paragraph at lines 495--506
\OT1/ptm/m/n/10 lower than $\OML/cmm/m/it/10 P[]$\OT1/ptm/m/n/10 , tra-di-tiona
l 802.11ad scheme will be
 []


Underfull \hbox (badness 6110) in paragraph at lines 495--506
\OT1/ptm/m/n/10 used for SLS. If $\OT1/cmr/m/n/10 (\OML/cmm/m/it/10 AP[]ID[]; S
ec[]AP[]ID[]\OT1/cmr/m/n/10 )$ \OT1/ptm/m/n/10 is found
 []


Underfull \hbox (badness 3138) in paragraph at lines 495--506
\OT1/ptm/m/n/10 to be good and its prob-a-bil-ity is greater than $\OML/cmm/m/i
t/10 P[]$\OT1/ptm/m/n/10 .
 []


Underfull \hbox (badness 2359) in paragraph at lines 495--506
\OT1/ptm/m/n/10 All the en-tries which has $\OML/cmm/m/it/10 AP[]ID \OT1/cmr/m/
n/10 = \OML/cmm/m/it/10 AP[]ID\OMS/cmsy/m/n/10 $ \OT1/ptm/m/n/10 and
 []


Underfull \hbox (badness 10000) in paragraph at lines 495--506
\OT1/ptm/m/n/10 prob-a-bil-ity $\OML/cmm/m/it/10 P\OT1/cmr/m/n/10 (\OML/cmm/m/i
t/10 AP[]ID[]; Sec[]AP[]ID[]; Sec[]UE[]ID\OT1/cmr/m/n/10 )$
 []


Underfull \hbox (badness 10000) in paragraph at lines 495--506
\OT1/ptm/m/n/10 will be cal-cu-lated for each $\OML/cmm/m/it/10 Sec[]UE[]ID$\OT
1/ptm/m/n/10 . Since
 []


Underfull \hbox (badness 10000) in paragraph at lines 495--506
\OML/cmm/m/it/10 P\OT1/cmr/m/n/10 (\OML/cmm/m/it/10 AP[]ID[]; Sec[]AP[]ID[]\OT1
/cmr/m/n/10 )$ \OT1/ptm/m/n/10 is a con-stant, we
 []


Underfull \hbox (badness 10000) in paragraph at lines 495--506
\OT1/ptm/m/n/10 have $\OML/cmm/m/it/10 P\OT1/cmr/m/n/10 (\OML/cmm/m/it/10 AP[]I
D[]; Sec[]AP[]ID[]; Sec[]UE[]ID\OT1/cmr/m/n/10 ) \OMS/cmsy/m/n/10 /
 []


Underfull \hbox (badness 10000) in paragraph at lines 495--506
\OML/cmm/m/it/10 P\OT1/cmr/m/n/10 (\OML/cmm/m/it/10 Sec[]UE[]ID\OMS/cmsy/m/n/10
 j\OML/cmm/m/it/10 AP[]ID[]; Sec[]AP[]ID[]\OT1/cmr/m/n/10 )$\OT1/ptm/m/n/10 . T
hen the
 []

[10]
Overfull \hbox (15.97415pt too wide) in paragraph at lines 517--517
[]$\OML/cmm/m/it/10 Remove\OT1/cmr/m/n/10 ((\OML/cmm/m/it/10 AP[]ID[]; Sec[]AP[
]ID[]; Sec[]UE[]ID[]\OT1/cmr/m/n/10 ); \OML/cmm/m/it/10 B[]\OT1/cmr/m/n/10 )$\O
T1/ptm/m/n/10 ,
 []


Underfull \vbox (badness 10000) has occurred while \output is active []

Missing character: There is no ‚ in font ptmr7t!
Missing character: There is no Ä in font ptmr7t!
Missing character: There is no ì in font ptmr7t!
Missing character: There is no ‚ in font ptmri7t!
Missing character: There is no Ä in font ptmri7t!
Missing character: There is no ù in font ptmri7t!
 [11 <./ap_sector_training.png> <./ue_sector_training.png>]
Underfull \hbox (badness 1590) in paragraph at lines 565--566
[]\OT1/ptm/m/n/8 C.Y. Hong, S.Kandula, R.Mahajan, M.Zhang, V.Gill, M.Nanduri,
 []


Overfull \hbox (10.61145pt too wide) in paragraph at lines 587--588
[]\OT1/ptm/m/n/8 "Openflow spec-i-fi-ca-tion" : https://www.opennetworking.org/
images/stories/ 
 []


Underfull \hbox (badness 10000) in paragraph at lines 587--588
\OT1/ptm/m/n/8 downloads/sdn-resources/onf-specifications/openflow/openflow-spe
c-
 []


Underfull \hbox (badness 10000) in paragraph at lines 595--596
[]\OT1/ptm/m/it/8 "Modeling Topol-ogy of Large In-ter-net-works"\OT1/ptm/m/n/8 
:
 []

Missing character: There is no ‚ in font ptmr7t!
Missing character: There is no Ä in font ptmr7t!
Missing character: There is no ì in font ptmr7t!
Missing character: There is no ‚ in font ptmri7t!
Missing character: There is no Ä in font ptmri7t!
Missing character: There is no ô in font ptmri7t!
Missing character: There is no ‚ in font ptmr7t!
Missing character: There is no Ä in font ptmr7t!
Missing character: There is no ì in font ptmr7t!

** Conference Paper **
Before submitting the final camera ready copy, remember to:

 1. Manually equalize the lengths of two columns on the last page
 of your paper;

 2. Ensure that any PostScript and/or PDF output post-processing
 uses only Type 1 fonts and that every step in the generation
 process uses the appropriate paper size.

[12

] (icnp.aux)

LaTeX Warning: There were multiply-defined labels.

 )
(\end occurred inside a group at level 1)

### simple group (level 1) entered at line 1061 ({)
### bottom level 
Here is how much of TeX's memory you used:
 31987 strings out of 493333
 757443 string characters out of 3139200
 887831 words of memory out of 3000000
 35046 multiletter control sequences out of 15000+200000
 41582 words of font info for 88 fonts, out of 3000000 for 9000
 1144 hyphenation exceptions out of 8191
 62i,22n,96p,10383b,2423s stack positions out of 5000i,500n,10000p,200000b,50000s
 <C:\Users\Sai\AppData\Local\MiKTeX\2.9\fonts\pk\ljfour\public\
bbm\dpi600\bbm10.pk>{C:/Program Files/MiKTeX 2.9/fonts/enc/dvips/base/8r.enc}<C
:/Program Files/MiKTeX 2.9/fonts/type1/public/amsfonts/cm/cmex10.pfb><C:/Progra
m Files/MiKTeX 2.9/fonts/type1/public/amsfonts/cmextra/cmex7.pfb><C:/Program Fi
les/MiKTeX 2.9/fonts/type1/public/amsfonts/cm/cmmi10.pfb><C:/Program Files/MiKT
eX 2.9/fonts/type1/public/amsfonts/cm/cmmi5.pfb><C:/Program Files/MiKTeX 2.9/fo
nts/type1/public/amsfonts/cm/cmmi7.pfb><C:/Program Files/MiKTeX 2.9/fonts/type1
/public/amsfonts/cm/cmr10.pfb><C:/Program Files/MiKTeX 2.9/fonts/type1/public/a
msfonts/cm/cmr5.pfb><C:/Program Files/MiKTeX 2.9/fonts/type1/public/amsfonts/cm
/cmr7.pfb><C:/Program Files/MiKTeX 2.9/fonts/type1/public/amsfonts/cm/cmr9.pfb>
<C:/Program Files/MiKTeX 2.9/fonts/type1/public/amsfonts/cm/cmsy10.pfb><C:/Prog
ram Files/MiKTeX 2.9/fonts/type1/public/amsfonts/cm/cmsy5.pfb><C:/Program Files
/MiKTeX 2.9/fonts/type1/public/amsfonts/cm/cmsy7.pfb><C:/Program Files/MiKTeX 2
.9/fonts/type1/urw/times/utmb8a.pfb><C:/Program Files/MiKTeX 2.9/fonts/type1/ur
w/times/utmbi8a.pfb><C:/Program Files/MiKTeX 2.9/fonts/type1/urw/times/utmr8a.p
fb><C:/Program Files/MiKTeX 2.9/fonts/type1/urw/times/utmri8a.pfb>
Output written on icnp.pdf (12 pages, 916876 bytes).
PDF statistics:
 128 PDF objects out of 1000 (max. 8388607)
 0 named destinations out of 1000 (max. 500000)
 63 words of extra memory for PDF output out of 10000 (max. 10000000)

